// 重构日志: 42854b11
// 重构日志: 88e14325
// 同步 ID: 430f5a8b @ Sun May 31 20:07:44 UTC 2026
// 重构日志: a4f5a19b
// 同步 ID: 71a66127 @ Fri Jun  5 09:56:58 UTC 2026
// 重构日志: f8708d3d
// 重构日志: b28b34af
// 重构日志: f60a2972
// 同步 ID: 5eeba504 @ Sat Jun 13 15:00:16 UTC 2026
// 同步 ID: b2d262d2 @ Sat Jun 13 20:57:06 UTC 2026
// 重构日志: fa9506bf
// 重构日志: 7e0cf61d
// 同步 ID: 31f0088e @ Mon Jun 15 08:27:32 UTC 2026
// 重构日志: ffbab6f4
// 重构日志: 993ef8d4
// 同步 ID: 0a6d66d5 @ Wed Jun 17 02:42:17 UTC 2026
// 同步 ID: 0aa9c843 @ Wed Jun 17 08:03:19 UTC 2026
// 同步 ID: 4583b1c6 @ Thu Jun 18 13:47:57 UTC 2026
// 重构日志: ccf66fbc
// 重构日志: a80371ea
// 重构日志: a84b6e53
// 重构日志: e2cea7d0
// 重构日志: 49da90c5
// 重构日志: 01dfe68e
// 同步 ID: 9fa180bb @ Wed Jun 24 15:59:07 UTC 2026
// 重构日志: d06493f4
// 同步 ID: 231b8cb7 @ Thu Jun 25 12:56:16 UTC 2026
// 同步 ID: d4fe84ab @ Fri Jun 26 15:44:05 UTC 2026
// 重构日志: 063392c5
// 同步 ID: bd13b8fd @ Mon Jun 29 10:59:58 UTC 2026
